<?xml version="1.0" encoding="UTF-8"?>
<testsuite xmlns:xsi="http://www.w3.org/2001/XMLSchema-instance" xsi:noNamespaceSchemaLocation="https://maven.apache.org/surefire/maven-surefire-plugin/xsd/surefire-test-report-3.0.xsd" version="3.0" name="com.ft.flight.ApplicationTests" time="10.851" tests="1" errors="0" skipped="0" failures="0">
  <properties>
[...]
</properties>
  <testcase name="contextLoads" classname="com.ft.flight.ApplicationTests" time="1.146">
    <system-out><![CDATA[01:18:58.358 [main] INFO org.springframework.test.context.support.AnnotationConfigContextLoaderUtils -- Could not detect default configuration classes for test class [com.ft.flight.ApplicationTests]: ApplicationTests does not declare any static, non-private, non-final, nested classes annotated with @Configuration.
01:18:59.230 [main] INFO org.springframework.boot.test.context.SpringBootTestContextBootstrapper -- Found @SpringBootConfiguration com.ft.flight.Application for test class com.ft.flight.ApplicationTests

  .   ____          _            __ _ _
 /\\ / ___'_ __ _ _(_)_ __  __ _ \ \ \ \
( ( )\___ | '_ | '_| | '_ \/ _` | \ \ \ \
 \\/  ___)| |_)| | | | | || (_| |  ) ) ) )
  '  |____| .__|_| |_|_| |_\__, | / / / /
 =========|_|==============|___/=/_/_/_/
 :: Spring Boot ::                (v3.1.7)

2023-12-27T01:19:01.203+08:00  INFO 9264 --- [           main] com.ft.flight.ApplicationTests           : Starting ApplicationTests using Java 17.0.8 with PID 9264 (started by User in C:\Flight-Ticket-Booking-System\com.ft.flight)
2023-12-27T01:19:01.207+08:00  INFO 9264 --- [           main] com.ft.flight.ApplicationTests           : No active profile set, falling back to 1 default profile: "default"
2023-12-27T01:19:02.033+08:00  INFO 9264 --- [           main] .s.d.r.c.RepositoryConfigurationDelegate : Bootstrapping Spring Data JPA repositories in DEFAULT mode.
2023-12-27T01:19:02.117+08:00  INFO 9264 --- [           main] .s.d.r.c.RepositoryConfigurationDelegate : Finished Spring Data repository scanning in 70 ms. Found 3 JPA repository interfaces.
2023-12-27T01:19:03.542+08:00  INFO 9264 --- [           main] o.hibernate.jpa.internal.util.LogHelper  : HHH000204: Processing PersistenceUnitInfo [name: default]
2023-12-27T01:19:03.659+08:00  INFO 9264 --- [           main] org.hibernate.Version                    : HHH000412: Hibernate ORM core version 6.2.17.Final
2023-12-27T01:19:03.663+08:00  INFO 9264 --- [           main] org.hibernate.cfg.Environment            : HHH000406: Using bytecode reflection optimizer
2023-12-27T01:19:04.118+08:00  INFO 9264 --- [           main] o.s.o.j.p.SpringPersistenceUnitInfo      : No LoadTimeWeaver setup: ignoring JPA class transformer
2023-12-27T01:19:04.162+08:00  INFO 9264 --- [           main] com.zaxxer.hikari.HikariDataSource       : HikariPool-1 - Starting...
2023-12-27T01:19:04.397+08:00  INFO 9264 --- [           main] com.zaxxer.hikari.pool.HikariPool        : HikariPool-1 - Added connection com.mysql.cj.jdbc.ConnectionImpl@acdebe4
2023-12-27T01:19:04.399+08:00  INFO 9264 --- [           main] com.zaxxer.hikari.HikariDataSource       : HikariPool-1 - Start completed.
2023-12-27T01:19:04.496+08:00  WARN 9264 --- [           main] org.hibernate.dialect.Dialect            : HHH000511: The 5.5.0 version for [org.hibernate.dialect.MySQLDialect] is no longer supported, hence certain features may not work properly. The minimum supported version is 5.7.0. Check the community dialects project for available legacy versions.
2023-12-27T01:19:05.483+08:00  INFO 9264 --- [           main] o.h.m.i.EntityInstantiatorPojoStandard   : HHH000182: No default (no-argument) constructor for class: com.ft.flight.entity.Booking (class must be instantiated by Interceptor)
2023-12-27T01:19:05.885+08:00  INFO 9264 --- [           main] o.h.e.t.j.p.i.JtaPlatformInitiator       : HHH000489: No JTA platform available (set 'hibernate.transaction.jta.platform' to enable JTA platform integration)
2023-12-27T01:19:06.008+08:00  INFO 9264 --- [           main] j.LocalContainerEntityManagerFactoryBean : Initialized JPA EntityManagerFactory for persistence unit 'default'
2023-12-27T01:19:06.682+08:00  WARN 9264 --- [           main] JpaBaseConfiguration$JpaWebConfiguration : spring.jpa.open-in-view is enabled by default. Therefore, database queries may be performed during view rendering. Explicitly configure spring.jpa.open-in-view to disable this warning
2023-12-27T01:19:06.716+08:00  WARN 9264 --- [           main] .s.s.UserDetailsServiceAutoConfiguration : 

Using generated security password: a307d8a3-a7e5-41d8-ab21-34354c4527b3

This generated password is for development use only. Your security configuration must be updated before running your application in production.

2023-12-27T01:19:07.271+08:00  INFO 9264 --- [           main] o.s.s.web.DefaultSecurityFilterChain     : Will secure any request with [org.springframework.security.web.session.DisableEncodeUrlFilter@96943845, org.springframework.security.web.context.request.async.WebAsyncManagerIntegrationFilter@3bfba944, org.springframework.security.web.context.SecurityContextHolderFilter@a76ce432, org.springframework.security.web.header.HeaderWriterFilter@8002091a, org.springframework.security.web.csrf.CsrfFilter@f979ec5f, org.springframework.security.web.authentication.logout.LogoutFilter@898502b2, org.springframework.security.web.authentication.UsernamePasswordAuthenticationFilter@af78631e, org.springframework.security.web.authentication.ui.DefaultLoginPageGeneratingFilter@e9577509, org.springframework.security.web.authentication.ui.DefaultLogoutPageGeneratingFilter@a1ee42fb, org.springframework.security.web.authentication.www.BasicAuthenticationFilter@420e989a, org.springframework.security.web.savedrequest.RequestCacheAwareFilter@ef80c45b, org.springframework.security.web.servletapi.SecurityContextHolderAwareRequestFilter@c4f5dd9d, org.springframework.security.web.authentication.AnonymousAuthenticationFilter@9d88a10f, org.springframework.security.web.access.ExceptionTranslationFilter@2d8f541e, org.springframework.security.web.access.intercept.AuthorizationFilter@f6b7ce95]
2023-12-27T01:19:07.765+08:00  INFO 9264 --- [           main] com.ft.flight.ApplicationTests           : Started ApplicationTests in 6.961 seconds (process running for 10.303)
]]></system-out>
  </testcase>
</testsuite>